<?xml version="1.0" encoding="UTF-8"?>
<testsuite name="com.phonebook.tests.LoginTests" tests="1" skipped="0" failures="0" errors="0" timestamp="2025-11-27T10:41:27.146Z" hostname="DESKTOP-8U03UTF" time="1.772">
  <properties/>
  <testcase name="loginNegativeWithoutEmailTest" classname="com.phonebook.tests.LoginTests" time="1.772"/>
  <system-out><![CDATA[11:41:27.099 [Test worker] INFO  com.phonebook.core.TestBase -- Start test loginNegativeWithoutEmailTest
11:41:28.922 [Test worker] INFO  com.phonebook.core.TestBase -- PASSED: loginNegativeWithoutEmailTest
11:41:28.923 [Test worker] INFO  com.phonebook.core.TestBase -- Stop test
11:41:28.923 [Test worker] INFO  com.phonebook.core.TestBase -- ************************************
]]></system-out>
  <system-err><![CDATA[]]></system-err>
</testsuite>
