<?xml version="1.0" encoding="UTF-8"?>
<testsuite name="com.phonebook.tests.AddContactTests" tests="1" skipped="0" failures="0" errors="0" timestamp="2025-11-27T09:29:38.482Z" hostname="DESKTOP-26V2OR6" time="2.182">
  <properties/>
  <testcase name="addContactPositiveTest" classname="com.phonebook.tests.AddContactTests" time="2.182"/>
  <system-out><![CDATA[10:29:37.968 [Test worker] INFO  com.phonebook.core.TestBase -- Start test addContactPositiveTest
10:29:40.665 [Test worker] INFO  com.phonebook.core.TestBase -- PASSED: addContactPositiveTest
10:29:40.665 [Test worker] INFO  com.phonebook.core.TestBase -- Stop Test
10:29:40.666 [Test worker] INFO  com.phonebook.core.TestBase -- ************************************************
10:29:40.667 [Test worker] INFO  com.phonebook.core.TestBase -- Stop smoky test
]]></system-out>
  <system-err><![CDATA[]]></system-err>
</testsuite>
